<?xml version="1.0" encoding="UTF-8"?>
<coverage generated="1621134394737" clover="3.2.0">
  <project timestamp="1621134394737" name="All files">
    <metrics statements="121" coveredstatements="121" conditionals="22" coveredconditionals="22" methods="16" coveredmethods="16" elements="159" coveredelements="159" complexity="0" loc="121" ncloc="121" packages="1" files="1" classes="1"/>
    <file name="script.js" path="/Users/krzwier/Dropbox/GitHub/guess-the-word/js/main/script.js">
      <metrics statements="121" coveredstatements="121" conditionals="22" coveredconditionals="22" methods="16" coveredmethods="16"/>
      <line num="4" count="1" type="stmt"/>
      <line num="7" count="1" type="stmt"/>
      <line num="10" count="1" type="stmt"/>
      <line num="13" count="1" type="stmt"/>
      <line num="16" count="1" type="stmt"/>
      <line num="19" count="1" type="stmt"/>
      <line num="22" count="1" type="stmt"/>
      <line num="25" count="1" type="stmt"/>
      <line num="29" count="1" type="stmt"/>
      <line num="30" count="1" type="stmt"/>
      <line num="31" count="1" type="stmt"/>
      <line num="32" count="1" type="stmt"/>
      <line num="35" count="1" type="stmt"/>
      <line num="36" count="14" type="stmt"/>
      <line num="37" count="14" type="stmt"/>
      <line num="38" count="13" type="stmt"/>
      <line num="39" count="13" type="stmt"/>
      <line num="41" count="1" type="stmt"/>
      <line num="45" count="1" type="stmt"/>
      <line num="46" count="12" type="stmt"/>
      <line num="47" count="12" type="stmt"/>
      <line num="48" count="12" type="stmt"/>
      <line num="51" count="1" type="stmt"/>
      <line num="52" count="164" type="stmt"/>
      <line num="53" count="164" type="stmt"/>
      <line num="54" count="164" type="stmt"/>
      <line num="55" count="164" type="stmt"/>
      <line num="56" count="1263" type="cond" truecount="2" falsecount="0"/>
      <line num="57" count="145" type="stmt"/>
      <line num="59" count="1118" type="stmt"/>
      <line num="62" count="164" type="stmt"/>
      <line num="66" count="1" type="stmt"/>
      <line num="67" count="161" type="stmt"/>
      <line num="68" count="161" type="stmt"/>
      <line num="71" count="1" type="stmt"/>
      <line num="72" count="10" type="stmt"/>
      <line num="73" count="10" type="cond" truecount="2" falsecount="0"/>
      <line num="74" count="2" type="stmt"/>
      <line num="75" count="2" type="stmt"/>
      <line num="76" count="8" type="cond" truecount="2" falsecount="0"/>
      <line num="77" count="3" type="stmt"/>
      <line num="78" count="3" type="stmt"/>
      <line num="80" count="5" type="cond" truecount="2" falsecount="0"/>
      <line num="81" count="2" type="stmt"/>
      <line num="82" count="2" type="stmt"/>
      <line num="84" count="3" type="stmt"/>
      <line num="89" count="1" type="stmt"/>
      <line num="90" count="116" type="stmt"/>
      <line num="91" count="116" type="cond" truecount="2" falsecount="0"/>
      <line num="92" count="1" type="stmt"/>
      <line num="93" count="1" type="stmt"/>
      <line num="95" count="115" type="stmt"/>
      <line num="96" count="115" type="stmt"/>
      <line num="97" count="115" type="stmt"/>
      <line num="98" count="115" type="stmt"/>
      <line num="102" count="1" type="stmt"/>
      <line num="103" count="115" type="stmt"/>
      <line num="104" count="115" type="stmt"/>
      <line num="105" count="472" type="stmt"/>
      <line num="106" count="472" type="stmt"/>
      <line num="107" count="472" type="stmt"/>
      <line num="111" count="1" type="stmt"/>
      <line num="112" count="115" type="stmt"/>
      <line num="113" count="115" type="cond" truecount="2" falsecount="0"/>
      <line num="114" count="32" type="stmt"/>
      <line num="116" count="83" type="stmt"/>
      <line num="117" count="83" type="stmt"/>
      <line num="119" count="115" type="cond" truecount="2" falsecount="0"/>
      <line num="120" count="9" type="stmt"/>
      <line num="121" count="9" type="stmt"/>
      <line num="122" count="106" type="cond" truecount="2" falsecount="0"/>
      <line num="123" count="10" type="stmt"/>
      <line num="125" count="96" type="stmt"/>
      <line num="130" count="1" type="stmt"/>
      <line num="131" count="161" type="cond" truecount="2" falsecount="0"/>
      <line num="132" count="5" type="stmt"/>
      <line num="133" count="5" type="stmt"/>
      <line num="134" count="5" type="stmt"/>
      <line num="138" count="1" type="stmt"/>
      <line num="139" count="12" type="stmt"/>
      <line num="140" count="12" type="stmt"/>
      <line num="141" count="12" type="stmt"/>
      <line num="142" count="12" type="stmt"/>
      <line num="143" count="12" type="stmt"/>
      <line num="146" count="1" type="stmt"/>
      <line num="147" count="34" type="stmt"/>
      <line num="148" count="34" type="stmt"/>
      <line num="149" count="34" type="stmt"/>
      <line num="150" count="34" type="stmt"/>
      <line num="153" count="1" type="stmt"/>
      <line num="154" count="19" type="stmt"/>
      <line num="155" count="19" type="stmt"/>
      <line num="156" count="19" type="stmt"/>
      <line num="157" count="19" type="stmt"/>
      <line num="158" count="19" type="stmt"/>
      <line num="159" count="19" type="stmt"/>
      <line num="162" count="1" type="stmt"/>
      <line num="163" count="3" type="stmt"/>
      <line num="164" count="3" type="stmt"/>
      <line num="165" count="3" type="stmt"/>
      <line num="166" count="3" type="stmt"/>
      <line num="167" count="3" type="cond" truecount="2" falsecount="0"/>
      <line num="168" count="2" type="stmt"/>
      <line num="172" count="1" type="stmt"/>
      <line num="173" count="2" type="cond" truecount="2" falsecount="0"/>
      <line num="174" count="1" type="stmt"/>
      <line num="178" count="1" type="stmt"/>
      <line num="179" count="2" type="stmt"/>
      <line num="182" count="1" type="stmt"/>
      <line num="183" count="10" type="stmt"/>
      <line num="184" count="10" type="stmt"/>
      <line num="185" count="10" type="stmt"/>
      <line num="186" count="10" type="stmt"/>
      <line num="187" count="10" type="stmt"/>
      <line num="188" count="10" type="stmt"/>
      <line num="189" count="10" type="stmt"/>
      <line num="190" count="10" type="stmt"/>
      <line num="191" count="10" type="stmt"/>
      <line num="192" count="10" type="stmt"/>
      <line num="193" count="10" type="stmt"/>
      <line num="197" count="1" type="stmt"/>
    </file>
  </project>
</coverage>
