{"/Users/krzwier/Dropbox/GitHub/guess-the-word/js/main/script.js": {"path":"/Users/krzwier/Dropbox/GitHub/guess-the-word/js/main/script.js","statementMap":{"0":{"start":{"line":4,"column":18},"end":{"line":4,"column":60}},"1":{"start":{"line":7,"column":20},"end":{"line":7,"column":52}},"2":{"start":{"line":10,"column":20},"end":{"line":10,"column":51}},"3":{"start":{"line":13,"column":19},"end":{"line":13,"column":52}},"4":{"start":{"line":16,"column":20},"end":{"line":16,"column":63}},"5":{"start":{"line":19,"column":25},"end":{"line":19,"column":61}},"6":{"start":{"line":22,"column":23},"end":{"line":22,"column":57}},"7":{"start":{"line":25,"column":24},"end":{"line":25,"column":61}},"8":{"start":{"line":29,"column":15},"end":{"line":29,"column":17}},"9":{"start":{"line":30,"column":11},"end":{"line":30,"column":13}},"10":{"start":{"line":31,"column":21},"end":{"line":31,"column":23}},"11":{"start":{"line":32,"column":23},"end":{"line":32,"column":24}},"12":{"start":{"line":35,"column":20},"end":{"line":43,"column":1}},"13":{"start":{"line":36,"column":4},"end":{"line":42,"column":5}},"14":{"start":{"line":37,"column":25},"end":{"line":37,"column":184}},"15":{"start":{"line":38,"column":22},"end":{"line":38,"column":43}},"16":{"start":{"line":39,"column":8},"end":{"line":39,"column":33}},"17":{"start":{"line":41,"column":8},"end":{"line":41,"column":65}},"18":{"start":{"line":45,"column":16},"end":{"line":49,"column":1}},"19":{"start":{"line":46,"column":4},"end":{"line":46,"column":35}},"20":{"start":{"line":47,"column":24},"end":{"line":47,"column":67}},"21":{"start":{"line":48,"column":4},"end":{"line":48,"column":40}},"22":{"start":{"line":51,"column":22},"end":{"line":63,"column":1}},"23":{"start":{"line":52,"column":22},"end":{"line":52,"column":44}},"24":{"start":{"line":53,"column":22},"end":{"line":53,"column":41}},"25":{"start":{"line":54,"column":21},"end":{"line":54,"column":23}},"26":{"start":{"line":55,"column":4},"end":{"line":61,"column":5}},"27":{"start":{"line":56,"column":8},"end":{"line":60,"column":9}},"28":{"start":{"line":57,"column":12},"end":{"line":57,"column":51}},"29":{"start":{"line":59,"column":12},"end":{"line":59,"column":48}},"30":{"start":{"line":62,"column":4},"end":{"line":62,"column":22}},"31":{"start":{"line":66,"column":26},"end":{"line":69,"column":1}},"32":{"start":{"line":67,"column":4},"end":{"line":67,"column":66}},"33":{"start":{"line":68,"column":4},"end":{"line":68,"column":18}},"34":{"start":{"line":71,"column":22},"end":{"line":87,"column":1}},"35":{"start":{"line":72,"column":27},"end":{"line":72,"column":37}},"36":{"start":{"line":73,"column":4},"end":{"line":85,"column":5}},"37":{"start":{"line":74,"column":8},"end":{"line":74,"column":54}},"38":{"start":{"line":75,"column":8},"end":{"line":75,"column":18}},"39":{"start":{"line":76,"column":11},"end":{"line":85,"column":5}},"40":{"start":{"line":77,"column":8},"end":{"line":77,"column":78}},"41":{"start":{"line":78,"column":8},"end":{"line":78,"column":18}},"42":{"start":{"line":80,"column":9},"end":{"line":85,"column":5}},"43":{"start":{"line":81,"column":8},"end":{"line":81,"column":61}},"44":{"start":{"line":82,"column":8},"end":{"line":82,"column":18}},"45":{"start":{"line":84,"column":8},"end":{"line":84,"column":21}},"46":{"start":{"line":89,"column":18},"end":{"line":100,"column":1}},"47":{"start":{"line":90,"column":28},"end":{"line":90,"column":48}},"48":{"start":{"line":91,"column":4},"end":{"line":99,"column":5}},"49":{"start":{"line":92,"column":8},"end":{"line":92,"column":81}},"50":{"start":{"line":93,"column":8},"end":{"line":93,"column":20}},"51":{"start":{"line":95,"column":8},"end":{"line":95,"column":45}},"52":{"start":{"line":96,"column":8},"end":{"line":96,"column":29}},"53":{"start":{"line":97,"column":8},"end":{"line":97,"column":48}},"54":{"start":{"line":98,"column":8},"end":{"line":98,"column":48}},"55":{"start":{"line":102,"column":27},"end":{"line":109,"column":1}},"56":{"start":{"line":103,"column":4},"end":{"line":103,"column":29}},"57":{"start":{"line":104,"column":4},"end":{"line":108,"column":5}},"58":{"start":{"line":105,"column":19},"end":{"line":105,"column":47}},"59":{"start":{"line":106,"column":8},"end":{"line":106,"column":32}},"60":{"start":{"line":107,"column":8},"end":{"line":107,"column":29}},"61":{"start":{"line":111,"column":31},"end":{"line":128,"column":1}},"62":{"start":{"line":112,"column":24},"end":{"line":112,"column":42}},"63":{"start":{"line":113,"column":4},"end":{"line":118,"column":5}},"64":{"start":{"line":114,"column":8},"end":{"line":114,"column":51}},"65":{"start":{"line":116,"column":8},"end":{"line":116,"column":95}},"66":{"start":{"line":117,"column":8},"end":{"line":117,"column":27}},"67":{"start":{"line":119,"column":4},"end":{"line":126,"column":5}},"68":{"start":{"line":120,"column":8},"end":{"line":120,"column":81}},"69":{"start":{"line":121,"column":8},"end":{"line":121,"column":20}},"70":{"start":{"line":122,"column":11},"end":{"line":126,"column":5}},"71":{"start":{"line":123,"column":8},"end":{"line":123,"column":90}},"72":{"start":{"line":125,"column":8},"end":{"line":125,"column":110}},"73":{"start":{"line":130,"column":20},"end":{"line":136,"column":1}},"74":{"start":{"line":131,"column":4},"end":{"line":135,"column":5}},"75":{"start":{"line":132,"column":8},"end":{"line":132,"column":44}},"76":{"start":{"line":133,"column":8},"end":{"line":133,"column":102}},"77":{"start":{"line":134,"column":8},"end":{"line":134,"column":20}},"78":{"start":{"line":138,"column":16},"end":{"line":144,"column":1}},"79":{"start":{"line":139,"column":4},"end":{"line":139,"column":25}},"80":{"start":{"line":140,"column":4},"end":{"line":140,"column":24}},"81":{"start":{"line":141,"column":4},"end":{"line":141,"column":27}},"82":{"start":{"line":142,"column":4},"end":{"line":142,"column":44}},"83":{"start":{"line":143,"column":4},"end":{"line":143,"column":16}},"84":{"start":{"line":146,"column":28},"end":{"line":151,"column":1}},"85":{"start":{"line":147,"column":4},"end":{"line":147,"column":25}},"86":{"start":{"line":148,"column":4},"end":{"line":148,"column":24}},"87":{"start":{"line":149,"column":4},"end":{"line":149,"column":24}},"88":{"start":{"line":150,"column":4},"end":{"line":150,"column":44}},"89":{"start":{"line":153,"column":18},"end":{"line":160,"column":1}},"90":{"start":{"line":154,"column":4},"end":{"line":154,"column":38}},"91":{"start":{"line":155,"column":4},"end":{"line":155,"column":43}},"92":{"start":{"line":156,"column":4},"end":{"line":156,"column":36}},"93":{"start":{"line":157,"column":4},"end":{"line":157,"column":45}},"94":{"start":{"line":158,"column":4},"end":{"line":158,"column":38}},"95":{"start":{"line":159,"column":4},"end":{"line":159,"column":37}},"96":{"start":{"line":162,"column":14},"end":{"line":170,"column":1}},"97":{"start":{"line":163,"column":26},"end":{"line":163,"column":42}},"98":{"start":{"line":164,"column":4},"end":{"line":164,"column":26}},"99":{"start":{"line":165,"column":4},"end":{"line":165,"column":36}},"100":{"start":{"line":166,"column":26},"end":{"line":166,"column":54}},"101":{"start":{"line":167,"column":4},"end":{"line":169,"column":5}},"102":{"start":{"line":168,"column":8},"end":{"line":168,"column":33}},"103":{"start":{"line":172,"column":0},"end":{"line":176,"column":2}},"104":{"start":{"line":173,"column":4},"end":{"line":175,"column":5}},"105":{"start":{"line":174,"column":8},"end":{"line":174,"column":16}},"106":{"start":{"line":178,"column":0},"end":{"line":180,"column":3}},"107":{"start":{"line":179,"column":4},"end":{"line":179,"column":12}},"108":{"start":{"line":182,"column":0},"end":{"line":195,"column":3}},"109":{"start":{"line":183,"column":4},"end":{"line":183,"column":43}},"110":{"start":{"line":184,"column":4},"end":{"line":184,"column":36}},"111":{"start":{"line":185,"column":4},"end":{"line":185,"column":29}},"112":{"start":{"line":186,"column":4},"end":{"line":186,"column":87}},"113":{"start":{"line":187,"column":4},"end":{"line":187,"column":41}},"114":{"start":{"line":188,"column":4},"end":{"line":188,"column":46}},"115":{"start":{"line":189,"column":4},"end":{"line":189,"column":39}},"116":{"start":{"line":190,"column":4},"end":{"line":190,"column":42}},"117":{"start":{"line":191,"column":4},"end":{"line":191,"column":40}},"118":{"start":{"line":192,"column":4},"end":{"line":192,"column":41}},"119":{"start":{"line":193,"column":4},"end":{"line":193,"column":21}},"120":{"start":{"line":197,"column":0},"end":{"line":197,"column":10}}},"fnMap":{"0":{"name":"(anonymous_0)","decl":{"start":{"line":35,"column":20},"end":{"line":35,"column":21}},"loc":{"start":{"line":35,"column":38},"end":{"line":43,"column":1}},"line":35},"1":{"name":"(anonymous_1)","decl":{"start":{"line":45,"column":16},"end":{"line":45,"column":17}},"loc":{"start":{"line":45,"column":34},"end":{"line":49,"column":1}},"line":45},"2":{"name":"(anonymous_2)","decl":{"start":{"line":51,"column":22},"end":{"line":51,"column":23}},"loc":{"start":{"line":51,"column":54},"end":{"line":63,"column":1}},"line":51},"3":{"name":"(anonymous_3)","decl":{"start":{"line":66,"column":26},"end":{"line":66,"column":27}},"loc":{"start":{"line":66,"column":58},"end":{"line":69,"column":1}},"line":66},"4":{"name":"(anonymous_4)","decl":{"start":{"line":71,"column":22},"end":{"line":71,"column":23}},"loc":{"start":{"line":71,"column":39},"end":{"line":87,"column":1}},"line":71},"5":{"name":"(anonymous_5)","decl":{"start":{"line":89,"column":18},"end":{"line":89,"column":19}},"loc":{"start":{"line":89,"column":36},"end":{"line":100,"column":1}},"line":89},"6":{"name":"(anonymous_6)","decl":{"start":{"line":102,"column":27},"end":{"line":102,"column":28}},"loc":{"start":{"line":102,"column":39},"end":{"line":109,"column":1}},"line":102},"7":{"name":"(anonymous_7)","decl":{"start":{"line":111,"column":31},"end":{"line":111,"column":32}},"loc":{"start":{"line":111,"column":48},"end":{"line":128,"column":1}},"line":111},"8":{"name":"(anonymous_8)","decl":{"start":{"line":130,"column":20},"end":{"line":130,"column":21}},"loc":{"start":{"line":130,"column":32},"end":{"line":136,"column":1}},"line":130},"9":{"name":"(anonymous_9)","decl":{"start":{"line":138,"column":16},"end":{"line":138,"column":17}},"loc":{"start":{"line":138,"column":34},"end":{"line":144,"column":1}},"line":138},"10":{"name":"(anonymous_10)","decl":{"start":{"line":146,"column":28},"end":{"line":146,"column":29}},"loc":{"start":{"line":146,"column":52},"end":{"line":151,"column":1}},"line":146},"11":{"name":"(anonymous_11)","decl":{"start":{"line":153,"column":18},"end":{"line":153,"column":19}},"loc":{"start":{"line":153,"column":30},"end":{"line":160,"column":1}},"line":153},"12":{"name":"(anonymous_12)","decl":{"start":{"line":162,"column":14},"end":{"line":162,"column":15}},"loc":{"start":{"line":162,"column":26},"end":{"line":170,"column":1}},"line":162},"13":{"name":"(anonymous_13)","decl":{"start":{"line":172,"column":39},"end":{"line":172,"column":40}},"loc":{"start":{"line":172,"column":52},"end":{"line":176,"column":1}},"line":172},"14":{"name":"(anonymous_14)","decl":{"start":{"line":178,"column":38},"end":{"line":178,"column":39}},"loc":{"start":{"line":178,"column":50},"end":{"line":180,"column":1}},"line":178},"15":{"name":"(anonymous_15)","decl":{"start":{"line":182,"column":42},"end":{"line":182,"column":43}},"loc":{"start":{"line":182,"column":54},"end":{"line":195,"column":1}},"line":182}},"branchMap":{"0":{"loc":{"start":{"line":56,"column":8},"end":{"line":60,"column":9}},"type":"if","locations":[{"start":{"line":56,"column":8},"end":{"line":60,"column":9}},{"start":{"line":56,"column":8},"end":{"line":60,"column":9}}],"line":56},"1":{"loc":{"start":{"line":73,"column":4},"end":{"line":85,"column":5}},"type":"if","locations":[{"start":{"line":73,"column":4},"end":{"line":85,"column":5}},{"start":{"line":73,"column":4},"end":{"line":85,"column":5}}],"line":73},"2":{"loc":{"start":{"line":76,"column":11},"end":{"line":85,"column":5}},"type":"if","locations":[{"start":{"line":76,"column":11},"end":{"line":85,"column":5}},{"start":{"line":76,"column":11},"end":{"line":85,"column":5}}],"line":76},"3":{"loc":{"start":{"line":80,"column":9},"end":{"line":85,"column":5}},"type":"if","locations":[{"start":{"line":80,"column":9},"end":{"line":85,"column":5}},{"start":{"line":80,"column":9},"end":{"line":85,"column":5}}],"line":80},"4":{"loc":{"start":{"line":91,"column":4},"end":{"line":99,"column":5}},"type":"if","locations":[{"start":{"line":91,"column":4},"end":{"line":99,"column":5}},{"start":{"line":91,"column":4},"end":{"line":99,"column":5}}],"line":91},"5":{"loc":{"start":{"line":113,"column":4},"end":{"line":118,"column":5}},"type":"if","locations":[{"start":{"line":113,"column":4},"end":{"line":118,"column":5}},{"start":{"line":113,"column":4},"end":{"line":118,"column":5}}],"line":113},"6":{"loc":{"start":{"line":119,"column":4},"end":{"line":126,"column":5}},"type":"if","locations":[{"start":{"line":119,"column":4},"end":{"line":126,"column":5}},{"start":{"line":119,"column":4},"end":{"line":126,"column":5}}],"line":119},"7":{"loc":{"start":{"line":122,"column":11},"end":{"line":126,"column":5}},"type":"if","locations":[{"start":{"line":122,"column":11},"end":{"line":126,"column":5}},{"start":{"line":122,"column":11},"end":{"line":126,"column":5}}],"line":122},"8":{"loc":{"start":{"line":131,"column":4},"end":{"line":135,"column":5}},"type":"if","locations":[{"start":{"line":131,"column":4},"end":{"line":135,"column":5}},{"start":{"line":131,"column":4},"end":{"line":135,"column":5}}],"line":131},"9":{"loc":{"start":{"line":167,"column":4},"end":{"line":169,"column":5}},"type":"if","locations":[{"start":{"line":167,"column":4},"end":{"line":169,"column":5}},{"start":{"line":167,"column":4},"end":{"line":169,"column":5}}],"line":167},"10":{"loc":{"start":{"line":173,"column":4},"end":{"line":175,"column":5}},"type":"if","locations":[{"start":{"line":173,"column":4},"end":{"line":175,"column":5}},{"start":{"line":173,"column":4},"end":{"line":175,"column":5}}],"line":173}},"s":{"0":1,"1":1,"2":1,"3":1,"4":1,"5":1,"6":1,"7":1,"8":1,"9":1,"10":1,"11":1,"12":1,"13":14,"14":14,"15":13,"16":13,"17":1,"18":1,"19":12,"20":12,"21":12,"22":1,"23":164,"24":164,"25":164,"26":164,"27":1263,"28":145,"29":1118,"30":164,"31":1,"32":161,"33":161,"34":1,"35":10,"36":10,"37":2,"38":2,"39":8,"40":3,"41":3,"42":5,"43":2,"44":2,"45":3,"46":1,"47":116,"48":116,"49":1,"50":1,"51":115,"52":115,"53":115,"54":115,"55":1,"56":115,"57":115,"58":472,"59":472,"60":472,"61":1,"62":115,"63":115,"64":32,"65":83,"66":83,"67":115,"68":9,"69":9,"70":106,"71":10,"72":96,"73":1,"74":161,"75":5,"76":5,"77":5,"78":1,"79":12,"80":12,"81":12,"82":12,"83":12,"84":1,"85":34,"86":34,"87":34,"88":34,"89":1,"90":19,"91":19,"92":19,"93":19,"94":19,"95":19,"96":1,"97":3,"98":3,"99":3,"100":3,"101":3,"102":2,"103":1,"104":2,"105":1,"106":1,"107":2,"108":1,"109":10,"110":10,"111":10,"112":10,"113":10,"114":10,"115":10,"116":10,"117":10,"118":10,"119":10,"120":1},"f":{"0":14,"1":12,"2":164,"3":161,"4":10,"5":116,"6":115,"7":115,"8":161,"9":12,"10":34,"11":19,"12":3,"13":2,"14":2,"15":10},"b":{"0":[145,1118],"1":[2,8],"2":[3,5],"3":[2,3],"4":[1,115],"5":[32,83],"6":[9,106],"7":[10,96],"8":[5,156],"9":[2,1],"10":[1,1]},"_coverageSchema":"1a1c01bbd47fc00a2c39e90264f33305004495a9","hash":"188c06af9f3c9e099fbdea72ba69c38cf53e57e8"}
}
