TN:
SF:js/main/script.js
FN:35,(anonymous_0)
FN:45,(anonymous_1)
FN:51,(anonymous_2)
FN:66,(anonymous_3)
FN:71,(anonymous_4)
FN:89,(anonymous_5)
FN:102,(anonymous_6)
FN:111,(anonymous_7)
FN:130,(anonymous_8)
FN:138,(anonymous_9)
FN:146,(anonymous_10)
FN:153,(anonymous_11)
FN:162,(anonymous_12)
FN:172,(anonymous_13)
FN:178,(anonymous_14)
FN:182,(anonymous_15)
FNF:16
FNH:16
FNDA:14,(anonymous_0)
FNDA:12,(anonymous_1)
FNDA:164,(anonymous_2)
FNDA:161,(anonymous_3)
FNDA:10,(anonymous_4)
FNDA:116,(anonymous_5)
FNDA:115,(anonymous_6)
FNDA:115,(anonymous_7)
FNDA:161,(anonymous_8)
FNDA:12,(anonymous_9)
FNDA:34,(anonymous_10)
FNDA:19,(anonymous_11)
FNDA:3,(anonymous_12)
FNDA:2,(anonymous_13)
FNDA:2,(anonymous_14)
FNDA:10,(anonymous_15)
DA:4,1
DA:7,1
DA:10,1
DA:13,1
DA:16,1
DA:19,1
DA:22,1
DA:25,1
DA:29,1
DA:30,1
DA:31,1
DA:32,1
DA:35,1
DA:36,14
DA:37,14
DA:38,13
DA:39,13
DA:41,1
DA:45,1
DA:46,12
DA:47,12
DA:48,12
DA:51,1
DA:52,164
DA:53,164
DA:54,164
DA:55,164
DA:56,1263
DA:57,145
DA:59,1118
DA:62,164
DA:66,1
DA:67,161
DA:68,161
DA:71,1
DA:72,10
DA:73,10
DA:74,2
DA:75,2
DA:76,8
DA:77,3
DA:78,3
DA:80,5
DA:81,2
DA:82,2
DA:84,3
DA:89,1
DA:90,116
DA:91,116
DA:92,1
DA:93,1
DA:95,115
DA:96,115
DA:97,115
DA:98,115
DA:102,1
DA:103,115
DA:104,115
DA:105,472
DA:106,472
DA:107,472
DA:111,1
DA:112,115
DA:113,115
DA:114,32
DA:116,83
DA:117,83
DA:119,115
DA:120,9
DA:121,9
DA:122,106
DA:123,10
DA:125,96
DA:130,1
DA:131,161
DA:132,5
DA:133,5
DA:134,5
DA:138,1
DA:139,12
DA:140,12
DA:141,12
DA:142,12
DA:143,12
DA:146,1
DA:147,34
DA:148,34
DA:149,34
DA:150,34
DA:153,1
DA:154,19
DA:155,19
DA:156,19
DA:157,19
DA:158,19
DA:159,19
DA:162,1
DA:163,3
DA:164,3
DA:165,3
DA:166,3
DA:167,3
DA:168,2
DA:172,1
DA:173,2
DA:174,1
DA:178,1
DA:179,2
DA:182,1
DA:183,10
DA:184,10
DA:185,10
DA:186,10
DA:187,10
DA:188,10
DA:189,10
DA:190,10
DA:191,10
DA:192,10
DA:193,10
DA:197,1
LF:121
LH:121
BRDA:56,0,0,145
BRDA:56,0,1,1118
BRDA:73,1,0,2
BRDA:73,1,1,8
BRDA:76,2,0,3
BRDA:76,2,1,5
BRDA:80,3,0,2
BRDA:80,3,1,3
BRDA:91,4,0,1
BRDA:91,4,1,115
BRDA:113,5,0,32
BRDA:113,5,1,83
BRDA:119,6,0,9
BRDA:119,6,1,106
BRDA:122,7,0,10
BRDA:122,7,1,96
BRDA:131,8,0,5
BRDA:131,8,1,156
BRDA:167,9,0,2
BRDA:167,9,1,1
BRDA:173,10,0,1
BRDA:173,10,1,1
BRF:22
BRH:22
end_of_record
